<?xml version="1.0" encoding="UTF-8"?>
<!-- Generated by org.testng.reporters.JUnitXMLReporter -->
<testsuite ignored="0" hostname="nazmusnafis" failures="0" tests="5" name="Default test" time="6.212" errors="0" timestamp="2025-06-26T00:02:46 CEST">
  <testcase classname="test.java.GetToken" name="createToken" time="1.834"/>
  <testcase classname="test.java.CreateBooking" name="createBooking" time="0.91"/>
  <testcase classname="test.java.CreateBooking" name="createBooking" time="0.579"/>
  <testcase classname="test.java.CreateBooking" name="createBooking" time="0.577"/>
  <testcase classname="test.java.DeleteBooking" name="deleteBooking" time="2.264"/>
</testsuite> <!-- Default test -->
