<?xml version="1.0" encoding="UTF-8"?>
<!-- Generated by org.testng.reporters.JUnitXMLReporter -->
<testsuite ignored="0" hostname="nazmusnafis" failures="0" tests="5" name="Default test" time="5.978" errors="0" timestamp="2025-06-25T23:27:34 CEST">
  <testcase classname="CreateBooking" name="createBooking" time="1.872"/>
  <testcase classname="CreateBooking" name="createBooking" time="0.564"/>
  <testcase classname="CreateBooking" name="createBooking" time="0.56"/>
  <testcase classname="GetToken" name="createToken" time="0.695"/>
  <testcase classname="UpdateBooking" name="updateAllBookings" time="2.241"/>
</testsuite> <!-- Default test -->
